[22:23:24] [ServerMain/INFO]: Environment: authHost='https://authserver.mojang.com', accountsHost='https://api.mojang.com', sessionHost='https://sessionserver.mojang.com', servicesHost='https://api.minecraftservices.com', name='PROD'
[22:23:29] [ServerMain/INFO]: Loaded 7 recipes
[22:23:29] [ServerMain/INFO]: Loaded 1271 advancements
[22:23:31] [Server thread/INFO]: Starting minecraft server version 1.20.1
[22:23:31] [Server thread/INFO]: Loading properties
[22:23:31] [Server thread/INFO]: Default game type: SURVIVAL
[22:23:31] [Server thread/INFO]: Generating keypair
[22:23:31] [Server thread/INFO]: Starting Minecraft server on *:25565
[22:23:31] [Server thread/INFO]: Using epoll channel type
[22:23:32] [Server thread/WARN]: **** SERVER IS RUNNING IN OFFLINE/INSECURE MODE!
[22:23:32] [Server thread/WARN]: The server will make no attempt to authenticate usernames. Beware.
[22:23:32] [Server thread/WARN]: While this makes the game possible to play without internet access, it also opens up the ability for hackers to connect with any username they choose.
[22:23:32] [Server thread/WARN]: To change this, set "online-mode" to "true" in the server.properties file.
[22:23:32] [Server thread/INFO]: Preparing level "world"
[22:23:42] [Server thread/INFO]: Preparing start region for dimension minecraft:overworld
[22:23:48] [Worker-Main-1/INFO]: Preparing spawn area: 0%
[22:23:48] [Worker-Main-1/INFO]: Preparing spawn area: 0%
[22:23:49] [Worker-Main-1/INFO]: Preparing spawn area: 0%
[22:23:49] [Worker-Main-1/INFO]: Preparing spawn area: 0%
[22:23:49] [Worker-Main-1/INFO]: Preparing spawn area: 0%
[22:23:49] [Worker-Main-1/INFO]: Preparing spawn area: 0%
[22:23:49] [Worker-Main-1/INFO]: Preparing spawn area: 0%
[22:23:49] [Worker-Main-1/INFO]: Preparing spawn area: 0%
[22:23:49] [Worker-Main-1/INFO]: Preparing spawn area: 0%
[22:23:49] [Worker-Main-1/INFO]: Preparing spawn area: 0%
[22:23:49] [Worker-Main-1/INFO]: Preparing spawn area: 0%
[22:23:49] [Worker-Main-1/INFO]: Preparing spawn area: 0%
[22:23:49] [Worker-Main-1/INFO]: Preparing spawn area: 0%
[22:23:49] [Worker-Main-1/INFO]: Preparing spawn area: 0%
[22:23:49] [Worker-Main-1/INFO]: Preparing spawn area: 0%
[22:23:49] [Worker-Main-1/INFO]: Preparing spawn area: 0%
[22:23:50] [Worker-Main-1/INFO]: Preparing spawn area: 0%
[22:23:50] [Worker-Main-1/INFO]: Preparing spawn area: 0%
[22:23:51] [Worker-Main-1/INFO]: Preparing spawn area: 0%
[22:23:51] [Worker-Main-1/INFO]: Preparing spawn area: 0%
[22:23:52] [Worker-Main-1/INFO]: Preparing spawn area: 0%
[22:23:52] [Worker-Main-1/INFO]: Preparing spawn area: 0%
[22:23:53] [Worker-Main-1/INFO]: Preparing spawn area: 0%
[22:23:53] [Worker-Main-1/INFO]: Preparing spawn area: 0%
[22:23:54] [Worker-Main-1/INFO]: Preparing spawn area: 0%
[22:23:54] [Worker-Main-1/INFO]: Preparing spawn area: 0%
[22:23:55] [Worker-Main-1/INFO]: Preparing spawn area: 0%
[22:23:55] [Worker-Main-1/INFO]: Preparing spawn area: 0%
[22:23:56] [Worker-Main-1/INFO]: Preparing spawn area: 0%
[22:23:56] [Worker-Main-1/INFO]: Preparing spawn area: 36%
[22:23:57] [Server thread/INFO]: Time elapsed: 15158 ms
[22:23:57] [Server thread/INFO]: Done (24.545s)! For help, type "help"
[22:26:40] [Server thread/INFO]: AfterCrafter40[/127.176.192.22:48131] logged in with entity id 164 at (276.30000001192093, 82.0, 75.69999998807907)
[22:26:40] [Server thread/INFO]: AfterCrafter40 joined the game
[22:27:23] [Server thread/INFO]: AfterCrafter40 has made the advancement [Acquire Hardware]
[22:30:16] [Server thread/INFO]: AfterCrafter40 has made the advancement [Sweet Dreams]
[22:31:01] [Server thread/WARN]: UUID of added entity already exists: brq['Chicken'/894, l='ServerLevel[world]', x=464.03, y=117.13, z=55.66]
[22:31:01] [Server thread/WARN]: UUID of added entity already exists: brq['Chicken'/895, l='ServerLevel[world]', x=464.03, y=117.25, z=55.90]
[22:31:52] [Server thread/INFO]: Bremur[/127.217.246.236:44759] logged in with entity id 1145 at (134.89214319648806, 16.0, 155.30000001192093)
[22:31:52] [Server thread/INFO]: Bremur joined the game
[22:32:33] [Server thread/INFO]: [Not Secure] <Bremur> hola
[22:32:44] [Server thread/INFO]: [Not Secure] <AfterCrafter40> 414, 94, -3
